<?xml version="1.0" encoding="UTF-8"?>
<robot generator="Robot 7.3.2 (Python 3.12.7 on win32)" generated="2026-08-04T12:33:10.828704" rpa="false" schemaversion="5">
<suite id="s1" name="InValid Login &amp; Valid Login">
<suite id="s1-s1" name="InValid Login" source="C:\Users\AmymaUsman\PycharmProjects\SmartCRM_Automation\Login\InValid_Login.robot">
<kw name="Launch Website" owner="Launch_Website" type="SETUP">
<kw name="Open Browser" owner="SeleniumLibrary">
<msg time="2026-08-04T12:33:11.304506" level="INFO">Opening browser 'Chrome' to base url 'http://172.16.2.87/login'.</msg>
<arg>${URL}</arg>
<arg>${BROWSER}</arg>
<doc>Opens a new browser instance to the optional ``url``.</doc>
<status status="PASS" start="2026-08-04T12:33:11.304506" elapsed="7.984012"/>
</kw>
<kw name="Maximize Browser Window" owner="SeleniumLibrary">
<doc>Maximizes current browser window.</doc>
<status status="PASS" start="2026-08-04T12:33:19.289216" elapsed="0.284557"/>
</kw>
<kw name="Wait Until Element Is Visible" owner="SeleniumLibrary">
<arg>tag:body</arg>
<arg>timeout=10s</arg>
<doc>Waits until the element ``locator`` is visible.</doc>
<status status="PASS" start="2026-08-04T12:33:19.574312" elapsed="0.090529"/>
</kw>
<kw name="Sleep" owner="BuiltIn">
<msg time="2026-08-04T12:33:24.665268" level="INFO">Slept 5 seconds.</msg>
<arg>5s</arg>
<doc>Pauses the test executed for the given time.</doc>
<status status="PASS" start="2026-08-04T12:33:19.664841" elapsed="5.000427"/>
</kw>
<doc>Opens the browser and navigates to the target website</doc>
<status status="PASS" start="2026-08-04T12:33:11.303635" elapsed="13.361633"/>
</kw>
<test id="s1-s1-t1" name="Invalid Login" line="18">
<kw name="Maximize Browser Window" owner="SeleniumLibrary">
<doc>Maximizes current browser window.</doc>
<status status="PASS" start="2026-08-04T12:33:24.666401" elapsed="0.005940"/>
</kw>
<kw name="Wait Until Element Is Visible" owner="SeleniumLibrary">
<arg>${EMAIL_FIELD_XPATH}</arg>
<arg>timeout=10s</arg>
<doc>Waits until the element ``locator`` is visible.</doc>
<status status="PASS" start="2026-08-04T12:33:24.673342" elapsed="0.034746"/>
</kw>
<kw name="Input Text" owner="SeleniumLibrary">
<msg time="2026-08-04T12:33:24.709721" level="INFO">Typing text 'it.teammobile02@gmail.com' into text field '//input[@id='email']'.</msg>
<arg>${EMAIL_FIELD_XPATH}</arg>
<arg>${INVALID_EMAIL}</arg>
<doc>Types the given ``text`` into the text field identified by ``locator``.</doc>
<status status="PASS" start="2026-08-04T12:33:24.709053" elapsed="0.328265"/>
</kw>
<kw name="Input Password" owner="SeleniumLibrary">
<msg time="2026-08-04T12:33:25.038371" level="INFO">Typing password into text field '//input[@id='password']'.</msg>
<msg time="2026-08-04T12:33:25.084895" level="INFO">Temporally setting log level to: NONE</msg>
<arg>${PASSWORD_FIELD_XPATH}</arg>
<arg>${INVALID_PASSWORD}</arg>
<doc>Types the given password into the text field identified by ``locator``.</doc>
<status status="PASS" start="2026-08-04T12:33:25.038371" elapsed="0.170528"/>
</kw>
<kw name="Click Element" owner="SeleniumLibrary">
<msg time="2026-08-04T12:33:25.209907" level="INFO">Clicking element '//button[@type="submit"]'.</msg>
<arg>${LOGIN_BUTTON_XPATH}</arg>
<doc>Click the element identified by ``locator``.</doc>
<status status="PASS" start="2026-08-04T12:33:25.209907" elapsed="0.114938"/>
</kw>
<kw name="Wait Until Element Is Visible" owner="SeleniumLibrary">
<arg>${ERROR_MESSAGE_XPATH}</arg>
<arg>timeout=10s</arg>
<doc>Waits until the element ``locator`` is visible.</doc>
<status status="PASS" start="2026-08-04T12:33:25.334490" elapsed="0.297867"/>
</kw>
<kw name="Element Should Be Visible" owner="SeleniumLibrary">
<msg time="2026-08-04T12:33:25.654525" level="INFO">Element '//*[contains(text(),'Login failed')]' is displayed.</msg>
<arg>${ERROR_MESSAGE_XPATH}</arg>
<doc>Verifies that the element identified by ``locator`` is visible.</doc>
<status status="PASS" start="2026-08-04T12:33:25.632357" elapsed="0.023378"/>
</kw>
<kw name="Sleep" owner="BuiltIn">
<msg time="2026-08-04T12:33:30.656211" level="INFO">Slept 5 seconds.</msg>
<arg>5s</arg>
<doc>Pauses the test executed for the given time.</doc>
<status status="PASS" start="2026-08-04T12:33:25.655981" elapsed="5.000230"/>
</kw>
<kw name="Log" owner="BuiltIn">
<msg time="2026-08-04T12:33:30.656814" level="INFO">Error message displayed as expected</msg>
<arg>Error message displayed as expected</arg>
<doc>Logs the given message with the given level.</doc>
<status status="PASS" start="2026-08-04T12:33:30.656814" elapsed="0.000000"/>
</kw>
<kw name="Close Browser" owner="SeleniumLibrary">
<doc>Closes the current browser.</doc>
<status status="PASS" start="2026-08-04T12:33:30.657818" elapsed="2.402269"/>
</kw>
<doc>Logs in with incorrect credentials and verifies an error message appears</doc>
<status status="PASS" start="2026-08-04T12:33:24.665268" elapsed="8.394819"/>
</test>
<kw name="Close Browser" owner="SeleniumLibrary" type="TEARDOWN">
<doc>Closes the current browser.</doc>
<status status="PASS" start="2026-08-04T12:33:33.061897" elapsed="0.000000"/>
</kw>
<status status="PASS" start="2026-08-04T12:33:10.885004" elapsed="22.176893"/>
</suite>
<suite id="s1-s2" name="Valid Login" source="C:\Users\AmymaUsman\PycharmProjects\SmartCRM_Automation\Login\Valid_Login.robot">
<kw name="Launch Website" owner="Launch_Website" type="SETUP">
<kw name="Open Browser" owner="SeleniumLibrary">
<msg time="2026-08-04T12:33:33.069980" level="INFO">Opening browser 'Chrome' to base url 'http://172.16.2.87/login'.</msg>
<arg>${URL}</arg>
<arg>${BROWSER}</arg>
<doc>Opens a new browser instance to the optional ``url``.</doc>
<status status="PASS" start="2026-08-04T12:33:33.069336" elapsed="2.877345"/>
</kw>
<kw name="Maximize Browser Window" owner="SeleniumLibrary">
<doc>Maximizes current browser window.</doc>
<status status="PASS" start="2026-08-04T12:33:35.947682" elapsed="0.295190"/>
</kw>
<kw name="Wait Until Element Is Visible" owner="SeleniumLibrary">
<arg>tag:body</arg>
<arg>timeout=10s</arg>
<doc>Waits until the element ``locator`` is visible.</doc>
<status status="PASS" start="2026-08-04T12:33:36.243873" elapsed="0.063468"/>
</kw>
<kw name="Sleep" owner="BuiltIn">
<msg time="2026-08-04T12:33:41.308706" level="INFO">Slept 5 seconds.</msg>
<arg>5s</arg>
<doc>Pauses the test executed for the given time.</doc>
<status status="PASS" start="2026-08-04T12:33:36.308350" elapsed="5.000532"/>
</kw>
<doc>Opens the browser and navigates to the target website</doc>
<status status="PASS" start="2026-08-04T12:33:33.069336" elapsed="8.239546"/>
</kw>
<test id="s1-s2-t1" name=" Valid Login" line="19">
<kw name="Maximize Browser Window" owner="SeleniumLibrary">
<doc>Maximizes current browser window.</doc>
<status status="PASS" start="2026-08-04T12:33:41.309717" elapsed="0.005965"/>
</kw>
<kw name="Wait Until Element Is Visible" owner="SeleniumLibrary">
<arg>${EMAIL_FIELD_XPATH}</arg>
<arg>timeout=10s</arg>
<doc>Waits until the element ``locator`` is visible.</doc>
<status status="PASS" start="2026-08-04T12:33:41.315682" elapsed="0.033642"/>
</kw>
<kw name="Clear Element Text" owner="SeleniumLibrary">
<arg>${EMAIL_FIELD_XPATH}</arg>
<doc>Clears the value of the text-input-element identified by ``locator``.</doc>
<status status="PASS" start="2026-08-04T12:33:41.349896" elapsed="0.070262"/>
</kw>
<kw name="Input Text" owner="SeleniumLibrary">
<msg time="2026-08-04T12:33:41.421005" level="INFO">Typing text 'it.teammobile01@gmail.com' into text field '//input[@id='email']'.</msg>
<arg>${EMAIL_FIELD_XPATH}</arg>
<arg>${VALID_EMAIL}</arg>
<doc>Types the given ``text`` into the text field identified by ``locator``.</doc>
<status status="PASS" start="2026-08-04T12:33:41.420716" elapsed="0.317775"/>
</kw>
<kw name="Clear Element Text" owner="SeleniumLibrary">
<arg>${PASSWORD_FIELD_XPATH}</arg>
<doc>Clears the value of the text-input-element identified by ``locator``.</doc>
<status status="PASS" start="2026-08-04T12:33:41.739412" elapsed="0.044908"/>
</kw>
<kw name="Input Password" owner="SeleniumLibrary">
<msg time="2026-08-04T12:33:41.784320" level="INFO">Typing password into text field '//input[@id='password']'.</msg>
<msg time="2026-08-04T12:33:41.832724" level="INFO">Temporally setting log level to: NONE</msg>
<arg>${PASSWORD_FIELD_XPATH}</arg>
<arg>${VALID_PASSWORD}</arg>
<doc>Types the given password into the text field identified by ``locator``.</doc>
<status status="PASS" start="2026-08-04T12:33:41.784320" elapsed="0.175931"/>
</kw>
<kw name="Click Element" owner="SeleniumLibrary">
<msg time="2026-08-04T12:33:41.961249" level="INFO">Clicking element '//button[@type="submit"]'.</msg>
<arg>${LOGIN_BUTTON_XPATH}</arg>
<doc>Click the element identified by ``locator``.</doc>
<status status="PASS" start="2026-08-04T12:33:41.960251" elapsed="0.130073"/>
</kw>
<kw name="Wait Until Element Is Visible" owner="SeleniumLibrary">
<arg>${SUCCESS_ELEMENT_XPATH}</arg>
<arg>timeout=5s</arg>
<doc>Waits until the element ``locator`` is visible.</doc>
<status status="PASS" start="2026-08-04T12:33:42.091072" elapsed="0.997886"/>
</kw>
<kw name="Sleep" owner="BuiltIn">
<msg time="2026-08-04T12:33:48.090577" level="INFO">Slept 5 seconds.</msg>
<arg>5s</arg>
<doc>Pauses the test executed for the given time.</doc>
<status status="PASS" start="2026-08-04T12:33:43.089509" elapsed="5.001068"/>
</kw>
<kw name="Log" owner="BuiltIn">
<msg time="2026-08-04T12:33:48.091639" level="INFO">Login successful</msg>
<arg>Login successful</arg>
<doc>Logs the given message with the given level.</doc>
<status status="PASS" start="2026-08-04T12:33:48.091639" elapsed="0.000000"/>
</kw>
<kw name="Close Browser" owner="SeleniumLibrary">
<doc>Closes the current browser.</doc>
<status status="PASS" start="2026-08-04T12:33:48.092565" elapsed="2.499533"/>
</kw>
<doc>Logs in with correct credentials and verifies successful login</doc>
<status status="PASS" start="2026-08-04T12:33:41.308882" elapsed="9.283905"/>
</test>
<kw name="Close Browser" owner="SeleniumLibrary" type="TEARDOWN">
<doc>Closes the current browser.</doc>
<status status="PASS" start="2026-08-04T12:33:50.593806" elapsed="0.000560"/>
</kw>
<status status="PASS" start="2026-08-04T12:33:33.063890" elapsed="17.530476"/>
</suite>
<status status="PASS" start="2026-08-04T12:33:10.830715" elapsed="39.765172"/>
</suite>
<statistics>
<total>
<stat pass="2" fail="0" skip="0">All Tests</stat>
</total>
<tag>
</tag>
<suite>
<stat name="InValid Login &amp; Valid Login" id="s1" pass="2" fail="0" skip="0">InValid Login &amp; Valid Login</stat>
<stat name="InValid Login" id="s1-s1" pass="1" fail="0" skip="0">InValid Login &amp; Valid Login.InValid Login</stat>
<stat name="Valid Login" id="s1-s2" pass="1" fail="0" skip="0">InValid Login &amp; Valid Login.Valid Login</stat>
</suite>
</statistics>
<errors>
</errors>
</robot>
