<?xml version="1.0" encoding="UTF-8"?>
<robot generator="Robot 7.3.2 (Python 3.12.7 on win32)" generated="2026-08-04T14:27:53.140331" rpa="false" schemaversion="5">
<suite id="s1" name="Add Lead" source="C:\Users\AmymaUsman\PycharmProjects\SmartCRM_Automation\Leads\Add_Lead.robot">
<kw name="Launch Website" owner="Launch_Website" type="SETUP">
<kw name="Open Browser" owner="SeleniumLibrary">
<msg time="2026-08-04T14:27:53.698819" level="INFO">Opening browser 'Chrome' to base url 'http://172.16.2.87/login'.</msg>
<msg time="2026-08-04T14:28:22.871922" level="INFO">Cannot capture screenshot because no browser is open.</msg>
<msg time="2026-08-04T14:28:22.872439" level="FAIL">NoSuchDriverException: Message: Unable to obtain driver for chrome; For documentation on this error, please visit: https://www.selenium.dev/documentation/webdriver/troubleshooting/errors/driver_location
</msg>
<arg>${URL}</arg>
<arg>${BROWSER}</arg>
<doc>Opens a new browser instance to the optional ``url``.</doc>
<status status="FAIL" start="2026-08-04T14:27:53.697620" elapsed="29.188323">NoSuchDriverException: Message: Unable to obtain driver for chrome; For documentation on this error, please visit: https://www.selenium.dev/documentation/webdriver/troubleshooting/errors/driver_location
</status>
</kw>
<kw name="Maximize Browser Window" owner="SeleniumLibrary">
<doc>Maximizes current browser window.</doc>
<status status="NOT RUN" start="2026-08-04T14:28:22.885943" elapsed="0.000000"/>
</kw>
<kw name="Wait Until Element Is Visible" owner="SeleniumLibrary">
<arg>tag:body</arg>
<arg>timeout=10s</arg>
<doc>Waits until the element ``locator`` is visible.</doc>
<status status="NOT RUN" start="2026-08-04T14:28:22.885943" elapsed="0.000978"/>
</kw>
<kw name="Sleep" owner="BuiltIn">
<arg>5s</arg>
<doc>Pauses the test executed for the given time.</doc>
<status status="NOT RUN" start="2026-08-04T14:28:22.886921" elapsed="0.000000"/>
</kw>
<doc>Opens the browser and navigates to the target website</doc>
<status status="FAIL" start="2026-08-04T14:27:53.697620" elapsed="29.189301">NoSuchDriverException: Message: Unable to obtain driver for chrome; For documentation on this error, please visit: https://www.selenium.dev/documentation/webdriver/troubleshooting/errors/driver_location
</status>
</kw>
<test id="s1-t1" name="Add New Lead" line="26">
<doc>Adds Prospect Information</doc>
<status status="FAIL" start="2026-08-04T14:28:22.887937" elapsed="0.000847">Parent suite setup failed:
NoSuchDriverException: Message: Unable to obtain driver for chrome; For documentation on this error, please visit: https://www.selenium.dev/documentation/webdriver/troubleshooting/errors/driver_location
</status>
</test>
<kw name="Close Browser" owner="SeleniumLibrary" type="TEARDOWN">
<doc>Closes the current browser.</doc>
<status status="PASS" start="2026-08-04T14:28:22.890771" elapsed="0.000545"/>
</kw>
<status status="FAIL" start="2026-08-04T14:27:53.142566" elapsed="29.748750">Suite setup failed:
NoSuchDriverException: Message: Unable to obtain driver for chrome; For documentation on this error, please visit: https://www.selenium.dev/documentation/webdriver/troubleshooting/errors/driver_location
</status>
</suite>
<statistics>
<total>
<stat pass="0" fail="1" skip="0">All Tests</stat>
</total>
<tag>
</tag>
<suite>
<stat name="Add Lead" id="s1" pass="0" fail="1" skip="0">Add Lead</stat>
</suite>
</statistics>
<errors>
</errors>
</robot>
